TN:
SF:./src/angular-modal-service.js
FN:7,(anonymous_1)
FN:14,(anonymous_2)
FN:19,ModalService
FN:23,(anonymous_4)
FN:43,(anonymous_5)
FN:60,(anonymous_6)
FN:62,(anonymous_7)
FN:97,(anonymous_8)
FNF:8
FNH:8
FNDA:1,(anonymous_1)
FNDA:8,(anonymous_2)
FNDA:8,ModalService
FNDA:7,(anonymous_4)
FNDA:5,(anonymous_5)
FNDA:1,(anonymous_6)
FNDA:1,(anonymous_7)
FNDA:1,(anonymous_8)
DA:7,1
DA:11,1
DA:13,1
DA:17,8
DA:19,1
DA:21,8
DA:23,8
DA:24,7
DA:25,7
DA:26,7
DA:29,7
DA:32,7
DA:33,1
DA:34,1
DA:36,6
DA:37,1
DA:38,1
DA:42,5
DA:46,5
DA:49,5
DA:57,5
DA:58,5
DA:61,1
DA:62,1
DA:63,1
DA:69,5
DA:70,1
DA:71,2
DA:76,5
DA:79,5
DA:82,5
DA:83,5
DA:86,5
DA:89,5
DA:97,5
DA:99,1
DA:101,1
DA:104,5
DA:108,5
DA:113,8
LF:40
LH:40
BRDA:32,1,0,1
BRDA:32,1,1,6
BRDA:36,2,0,1
BRDA:36,2,1,5
BRDA:61,3,0,1
BRDA:61,3,1,0
BRDA:61,4,0,1
BRDA:61,4,1,0
BRDA:69,5,0,1
BRDA:69,5,1,4
BRF:10
BRH:8
end_of_record
